<?xml version="1.0" encoding="UTF-8"?>
<!-- Generated by org.testng.reporters.JUnitReportReporter -->
<testsuite hostname="Rlabs-Project75" name="com.qa.restAssured.postdata" tests="1" failures="0" timestamp="28 Jun 2020 11:09:13 GMT" time="7.138" errors="0">
  <testcase name="post1" time="7.138" classname="com.qa.restAssured.postdata"/>
</testsuite> <!-- com.qa.restAssured.postdata -->
