<?xml version="1.0" encoding="UTF-8"?>
<!-- Generated by org.testng.reporters.JUnitReportReporter -->
<testsuite hostname="Rlabs-Project75" name="com.qa.restAssured.delete" tests="1" failures="0" timestamp="28 Jun 2020 11:20:01 GMT" time="5.248" errors="0">
  <testcase name="deltedata" time="5.248" classname="com.qa.restAssured.delete"/>
</testsuite> <!-- com.qa.restAssured.delete -->
