<?xml version="1.0" encoding="UTF-8"?>
<!-- Generated by org.testng.reporters.JUnitReportReporter -->
<testsuite hostname="Rlabs-Project75" name="com.qa.restAssured.putdat" tests="1" failures="0" timestamp="28 Jun 2020 11:13:20 GMT" time="26.752" errors="0">
  <testcase name="post1" time="26.752" classname="com.qa.restAssured.putdat"/>
</testsuite> <!-- com.qa.restAssured.putdat -->
